<?xml version="1.0" encoding="UTF-8"?>
<!-- Generated by org.testng.reporters.JUnitReportReporter -->
<testsuite hostname="Newt-1607-11" name="test.GoogleMapsTest" tests="6" failures="0" timestamp="18 May 2016 08:22:30 GMT" time="430.394" errors="0">
  <testcase name="findTimeToNearByRestaurant" time="70.175" classname="test.GoogleMapsTest"/>
  <testcase name="findTimeToReachSpecificPlace" time="65.535" classname="test.GoogleMapsTest"/>
  <testcase name="findTimeToReachSpecificPlace" time="70.667" classname="test.GoogleMapsTest"/>
  <testcase name="findTimeToNearByRestaurant" time="80.622" classname="test.GoogleMapsTest"/>
  <testcase name="findTimeToReachSpecificPlace" time="68.420" classname="test.GoogleMapsTest"/>
  <testcase name="findTimeToNearByRestaurant" time="74.975" classname="test.GoogleMapsTest"/>
</testsuite> <!-- test.GoogleMapsTest -->
